.
├── circuit
│   ├── ESP32_weather_station_1_2_0.fzz
│   ├── ESP32_weather_station_1_2_0_schem.png
│   ├── ESP32_weather_station_bb.png
│   ├── ESP32_weather_station.fzz
│   └── ESP32_weather_station_schem.png
├── esp32-idf3-20200902-v1.13.bin
├── google_key.json
├── key.json
├── LICENSE
├── main.conf
├── README.md
├── scripts
│   ├── erase.sh
│   ├── extract_key.py
│   ├── extract_key.sh
│   ├── flash.sh
│   ├── minicom.sh
│   ├── upload.sh
│   └── verity.sh
├── SECURITY.md
├── src
│   ├── config.py
│   ├── google
│   │   ├── auth.py
│   │   ├── __init__.py
│   │   └── sheet.py
│   ├── http
│   │   ├── __init__.py
│   │   └── server.py
│   ├── lights.py
│   ├── main.py
│   ├── ntp.py
│   ├── rsa
│   │   ├── common.py
│   │   ├── _compat.py
│   │   ├── core.py
│   │   ├── __init__.py
│   │   ├── key.py
│   │   ├── machine_size.py
│   │   ├── pkcs1.py
│   │   └── transform.py
│   ├── settings.py
│   ├── util.py
│   ├── weather.py
│   └── wifi.py
└── tree.out

6 directories, 41 files
